Copyright 1986-2017 Xilinx, Inc. All Rights Reserved.
------------------------------------------------------------------------------------
| Tool Version : Vivado v.2017.4 (win64) Build 2086221 Fri Dec 15 20:55:39 MST 2017
| Date         : Sun Apr  8 13:23:51 2018
| Host         : DESKTOP-RLAF3FD running 64-bit major release  (build 9200)
| Command      : report_control_sets -verbose -file top_control_sets_placed.rpt
| Design       : top
| Device       : xc7a100t
------------------------------------------------------------------------------------

Control Set Information

Table of Contents
-----------------
1. Summary
2. Flip-Flop Distribution
3. Detailed Control Set Information

1. Summary
----------

+----------------------------------------------------------+-------+
|                          Status                          | Count |
+----------------------------------------------------------+-------+
| Number of unique control sets                            |   187 |
| Unused register locations in slices containing registers |   855 |
+----------------------------------------------------------+-------+


2. Flip-Flop Distribution
-------------------------

+--------------+-----------------------+------------------------+-----------------+--------------+
| Clock Enable | Synchronous Set/Reset | Asynchronous Set/Reset | Total Registers | Total Slices |
+--------------+-----------------------+------------------------+-----------------+--------------+
| No           | No                    | No                     |              32 |           10 |
| No           | No                    | Yes                    |             330 |          146 |
| No           | Yes                   | No                     |               0 |            0 |
| Yes          | No                    | No                     |               0 |            0 |
| Yes          | No                    | Yes                    |            1127 |          640 |
| Yes          | Yes                   | No                     |               0 |            0 |
+--------------+-----------------------+------------------------+-----------------+--------------+


3. Detailed Control Set Information
-----------------------------------

+------------------+-----------------------------------------------------------------------------------------------------+-----------------------------+------------------+----------------+
|   Clock Signal   |                                            Enable Signal                                            |       Set/Reset Signal      | Slice Load Count | Bel Load Count |
+------------------+-----------------------------------------------------------------------------------------------------+-----------------------------+------------------+----------------+
|  n_0_2119_BUFG   | CPU/ID/rf/d/q_reg[0]_10[0]                                                                          | CPU/ID/rf/u12/AR[0]         |                1 |              1 |
|  n_0_2119_BUFG   | CPU/ID/rf/d/q_reg[0]_6[0]                                                                           | CPU/ID/rf/u16/AR[0]         |                1 |              1 |
|  n_0_2119_BUFG   | CPU/ID/rf/d/q_reg[0]_3[0]                                                                           | CPU/ID/rf/u12/AR[0]         |                1 |              1 |
|  n_0_2119_BUFG   | CPU/ID/rf/d/q_reg[0]_20[0]                                                                          | CPU/ID/rf/u12/AR[0]         |                1 |              1 |
|  n_0_2119_BUFG   | CPU/ID/rf/d/q_reg[0]_11[0]                                                                          | CPU/ID/rf/u12/AR[0]         |                1 |              1 |
|  n_0_2119_BUFG   | CPU/ID/rf/d/q_reg[0]_0[0]                                                                           | CPU/ID/rf/u12/AR[0]         |                1 |              1 |
|  n_0_2119_BUFG   | CPU/ID/rf/d/q_reg[0]_8[0]                                                                           | CPU/ID/rf/u12/AR[0]         |                1 |              1 |
|  n_0_2119_BUFG   | CPU/ID/rf/d/q_reg[0]_3[0]                                                                           | CPU/ID/rf/u3/AR[0]          |                1 |              1 |
|  n_0_2119_BUFG   | CPU/ID/rf/d/q_reg[0][0]                                                                             | CPU/ID/rf/u3/AR[0]          |                1 |              1 |
|  n_0_2119_BUFG   | CPU/ID/rf/d/q_reg[0]_2[0]                                                                           | CPU/ID/rf/u3/AR[0]          |                1 |              1 |
|  n_0_2119_BUFG   | CPU/ID/rf/d/q_reg[0]_18[0]                                                                          | CPU/ID/rf/u12/AR[0]         |                1 |              1 |
|  n_0_2119_BUFG   | CPU/ID/rf/d/E[0]                                                                                    | CPU/ID/rf/u3/AR[0]          |                1 |              1 |
|  n_0_2119_BUFG   | CPU/ID/rf/d/q_reg[0]_9[0]                                                                           | CPU/ID/rf/u12/AR[0]         |                1 |              1 |
|  n_0_2119_BUFG   | CPU/ID/rf/d/q_reg[0]_21[0]                                                                          | CPU/ID/rf/u3/AR[0]          |                1 |              1 |
|  n_0_2119_BUFG   | CPU/ID/rf/d/q_reg[0]_14[0]                                                                          | CPU/ID/rf/u12/AR[0]         |                1 |              1 |
|  n_0_2119_BUFG   | CPU/ID/rf/d/q_reg[0]_5[0]                                                                           | CPU/ID/rf/u12/AR[0]         |                1 |              1 |
|  n_0_2119_BUFG   | CPU/ID/rf/d/E[0]                                                                                    | CPU/ID/rf/u12/AR[0]         |                1 |              1 |
|  n_0_2119_BUFG   | CPU/ID/rf/d/q_reg[0]_21[0]                                                                          | CPU/ID/rf/u12/AR[0]         |                1 |              1 |
|  n_0_2119_BUFG   | CPU/ID/rf/d/q_reg[0][0]                                                                             | CPU/ID/rf/u12/AR[0]         |                1 |              1 |
|  n_0_2119_BUFG   | CPU/ID/rf/d/q_reg[0]_16[0]                                                                          | CPU/ID/rf/u12/AR[0]         |                1 |              1 |
|  n_0_2119_BUFG   | CPU/ID/rf/d/q_reg[0]_22[0]                                                                          | CPU/ID/rf/u3/AR[0]          |                1 |              1 |
|  n_0_2119_BUFG   | CPU/ID/rf/d/q_reg[0]_24[0]                                                                          | CPU/ID/rf/u12/AR[0]         |                1 |              1 |
|  n_0_2119_BUFG   | CPU/ID/rf/d/q_reg[0]_22[0]                                                                          | CPU/ID/rf/u12/AR[0]         |                1 |              1 |
|  n_0_2119_BUFG   | CPU/ID/rf/d/q_reg[0]_1[0]                                                                           | CPU/ID/rf/u3/AR[0]          |                1 |              1 |
|  n_0_2119_BUFG   | CPU/ID/rf/d/q_reg[0]_19[0]                                                                          | CPU/ID/rf/u12/AR[0]         |                1 |              1 |
|  n_0_2119_BUFG   | CPU/ID/rf/d/q_reg[0]_15[0]                                                                          | CPU/ID/rf/u12/AR[0]         |                1 |              1 |
|  n_0_2119_BUFG   | CPU/ID/rf/d/q_reg[0]_24[0]                                                                          | CPU/ID/rf/u3/AR[0]          |                1 |              1 |
|  n_0_2119_BUFG   | CPU/ID/rf/d/q_reg[0]_5[0]                                                                           | CPU/ID/rf/u3/AR[0]          |                1 |              1 |
|  n_0_2119_BUFG   | CPU/ID/rf/d/q_reg[0]_0[0]                                                                           | CPU/ID/rf/u3/AR[0]          |                1 |              1 |
|  n_0_2119_BUFG   | CPU/ID/rf/d/q_reg[0]_1[0]                                                                           | CPU/ID/rf/u12/AR[0]         |                1 |              1 |
|  n_0_2119_BUFG   | CPU/ID/rf/d/q_reg[0]_4[0]                                                                           | CPU/ID/rf/u12/AR[0]         |                1 |              1 |
|  n_0_2119_BUFG   | CPU/ID/rf/d/q_reg[0]_12[0]                                                                          | CPU/ID/rf/u12/AR[0]         |                1 |              1 |
|  n_0_2119_BUFG   | CPU/ID/rf/d/q_reg[0]_23[0]                                                                          | CPU/ID/rf/u3/AR[0]          |                1 |              1 |
|  n_0_2119_BUFG   | CPU/ID/rf/d/q_reg[0]_13[0]                                                                          | CPU/ID/rf/u12/AR[0]         |                1 |              1 |
|  n_0_2119_BUFG   | CPU/ID/rf/d/q_reg[0]_23[0]                                                                          | CPU/ID/rf/u12/AR[0]         |                1 |              1 |
|  n_0_2119_BUFG   | CPU/ID/rf/d/q_reg[0]_2[0]                                                                           | CPU/ID/rf/u12/AR[0]         |                1 |              1 |
|  n_0_2119_BUFG   | CPU/ID/rf/d/q_reg[0]_17[0]                                                                          | CPU/ID/rf/u12/AR[0]         |                1 |              1 |
|  n_0_2119_BUFG   | CPU/ID/rf/d/q_reg[0]_4[0]                                                                           | CPU/ID/rf/u3/AR[0]          |                1 |              1 |
|  n_0_2119_BUFG   | CPU/ID/rf/d/q_reg[0]_28[0]                                                                          | CPU/DE/AR[1]                |                1 |              1 |
|  n_0_2119_BUFG   | CPU/ID/rf/d/q_reg[0]_28[0]                                                                          | CPU/ID/rf/u3/AR[0]          |                1 |              1 |
|  n_0_2119_BUFG   | CPU/ID/rf/d/q_reg[0]_28[0]                                                                          | CPU/ID/rf/u12/AR[0]         |                1 |              1 |
|  n_0_2119_BUFG   | CPU/ID/rf/d/q_reg[0]_25[0]                                                                          | CPU/ID/rf/u3/AR[0]          |                1 |              1 |
|  n_0_2119_BUFG   | CPU/ID/rf/d/q_reg[0]_25[0]                                                                          | CPU/ID/rf/u12/AR[0]         |                1 |              1 |
|  n_0_2119_BUFG   | CPU/ID/rf/d/q_reg[0]_27[0]                                                                          | CPU/DE/AR[1]                |                1 |              1 |
|  n_0_2119_BUFG   | CPU/ID/rf/d/q_reg[0]_27[0]                                                                          | CPU/ID/rf/u3/AR[0]          |                1 |              1 |
|  n_0_2119_BUFG   | CPU/ID/rf/d/q_reg[0]_27[0]                                                                          | CPU/ID/rf/u12/AR[0]         |                1 |              1 |
|  n_0_2119_BUFG   | CPU/ID/rf/d/q_reg[0]_26[0]                                                                          | CPU/ID/rf/u3/AR[0]          |                1 |              1 |
|  n_0_2119_BUFG   | CPU/ID/rf/d/q_reg[0]_26[0]                                                                          | CPU/ID/rf/u12/AR[0]         |                1 |              1 |
|  clk_IBUF_BUFG   |                                                                                                     | CPU/DE/AR[1]                |                1 |              1 |
|  clk_IBUF_BUFG   |                                                                                                     | CPU/ID/rf/u3/AR[0]          |                1 |              1 |
|  n_0_2119_BUFG   | CPU/ID/rf/d/q_reg[0]_9[0]                                                                           | CPU/ID/rf/u3/AR[0]          |                2 |              2 |
|  n_0_2119_BUFG   | CPU/ID/rf/d/q_reg[0]_16[0]                                                                          | CPU/ID/rf/u3/AR[0]          |                1 |              2 |
|  n_0_2119_BUFG   | CPU/ID/rf/d/q_reg[0]_17[0]                                                                          | CPU/ID/rf/u3/AR[0]          |                2 |              2 |
|  n_0_2119_BUFG   | CPU/ID/rf/d/q_reg[0]_8[0]                                                                           | CPU/ID/rf/u3/AR[0]          |                1 |              2 |
|  n_0_2119_BUFG   | CPU/ID/rf/d/q_reg[0]_19[0]                                                                          | CPU/ID/rf/u3/AR[0]          |                2 |              2 |
|  n_0_2119_BUFG   | CPU/ID/rf/d/q_reg[0]_11[0]                                                                          | CPU/ID/rf/u3/AR[0]          |                1 |              2 |
|  n_0_2119_BUFG   | CPU/ID/rf/d/q_reg[0]_15[0]                                                                          | CPU/ID/rf/u3/AR[0]          |                1 |              2 |
|  n_0_2119_BUFG   | CPU/ID/rf/d/q_reg[0]_23[0]                                                                          | CPU/ID/rf/u19/AR[1]         |                1 |              2 |
|  n_0_2119_BUFG   | CPU/ID/rf/d/q_reg[0]_12[0]                                                                          | CPU/ID/rf/u4/q_reg[11]_0[0] |                2 |              2 |
|  n_0_2119_BUFG   | CPU/ID/rf/d/q_reg[0]_6[0]                                                                           | CPU/ID/rf/u12/AR[0]         |                2 |              2 |
|  n_0_2119_BUFG   | CPU/ID/rf/d/q_reg[0]_7[0]                                                                           | CPU/ID/rf/u3/AR[0]          |                2 |              2 |
|  n_0_2119_BUFG   | CPU/ID/rf/d/q_reg[0]_7[0]                                                                           | CPU/ID/rf/u12/AR[0]         |                2 |              2 |
|  n_0_2119_BUFG   | CPU/ID/rf/d/q_reg[0]_12[0]                                                                          | CPU/ID/rf/u3/AR[0]          |                2 |              2 |
|  n_0_2119_BUFG   | CPU/ID/rf/d/q_reg[0]_18[0]                                                                          | CPU/ID/rf/u3/AR[0]          |                1 |              2 |
|  n_0_2119_BUFG   | CPU/ID/rf/d/q_reg[0]_20[0]                                                                          | CPU/ID/rf/u3/AR[0]          |                2 |              2 |
|  n_0_2119_BUFG   | CPU/ID/rf/d/q_reg[0]_10[0]                                                                          | CPU/ID/rf/u3/AR[0]          |                1 |              2 |
|  n_0_2119_BUFG   | CPU/ID/rf/d/q_reg[0]_6[0]                                                                           | CPU/ID/rf/u3/AR[0]          |                2 |              2 |
|  n_0_2119_BUFG   | CPU/ID/rf/d/q_reg[0]_13[0]                                                                          | CPU/ID/rf/u3/AR[0]          |                1 |              2 |
|  n_0_2119_BUFG   | CPU/ID/rf/d/q_reg[0]_14[0]                                                                          | CPU/ID/rf/u3/AR[0]          |                1 |              2 |
|  c/inst/clk_out1 |                                                                                                     | s/AR[0]                     |                1 |              2 |
|  s/seg7_clk      |                                                                                                     | s/AR[0]                     |                2 |              3 |
|  n_0_2119_BUFG   | CPU/ID/rf/d/q_reg[0]_17[0]                                                                          | CPU/ID/rf/u7/AR[0]          |                2 |              3 |
|  n_0_2119_BUFG   | CPU/ID/rf/d/q_reg[0]_6[0]                                                                           | CPU/ID/rf/u19/AR[0]         |                2 |              3 |
|  n_0_2119_BUFG   | CPU/ID/rf/d/q_reg[0]_7[0]                                                                           | CPU/ID/rf/u14/AR[0]         |                2 |              3 |
|  c/inst/clk_out1 | CPU/DE/q_reg[0]_1                                                                                   | s/AR[0]                     |                1 |              3 |
|  n_0_2119_BUFG   | CPU/ID/rf/d/q_reg[0]_12[0]                                                                          | CPU/ID/rf/u14/AR[0]         |                3 |              4 |
|  n_0_2119_BUFG   | CPU/ID/rf/d/q_reg[0]_13[0]                                                                          | CPU/ID/rf/u19/AR[0]         |                2 |              4 |
|  n_0_2119_BUFG   | CPU/ID/rf/d/q_reg[0]_13[0]                                                                          | CPU/ID/rf/u14/AR[0]         |                4 |              4 |
|  n_0_2119_BUFG   | CPU/ID/rf/d/q_reg[0]_17[0]                                                                          | CPU/ID/rf/u19/AR[0]         |                2 |              4 |
|  n_0_2119_BUFG   | CPU/ID/rf/d/q_reg[0]_17[0]                                                                          | CPU/ID/rf/u14/AR[0]         |                4 |              4 |
|  n_0_2119_BUFG   | CPU/ID/rf/d/q_reg[0]_18[0]                                                                          | CPU/ID/rf/u19/AR[0]         |                1 |              4 |
|  n_0_2119_BUFG   | CPU/ID/rf/d/q_reg[0]_18[0]                                                                          | CPU/ID/rf/u14/AR[0]         |                3 |              4 |
|  n_0_2119_BUFG   | CPU/ID/rf/d/q_reg[0]_22[0]                                                                          | CPU/ID/rf/u19/AR[0]         |                2 |              4 |
|  n_0_2119_BUFG   | CPU/ID/rf/d/q_reg[0]_22[0]                                                                          | CPU/ID/rf/u14/AR[0]         |                2 |              4 |
|  n_0_2119_BUFG   | CPU/ID/rf/d/q_reg[0][0]                                                                             | CPU/ID/rf/u19/AR[0]         |                1 |              4 |
|  n_0_2119_BUFG   | CPU/ID/rf/d/q_reg[0][0]                                                                             | CPU/ID/rf/u14/AR[0]         |                2 |              4 |
|  n_0_2119_BUFG   | CPU/ID/rf/d/q_reg[0]_23[0]                                                                          | CPU/ID/rf/u19/AR[0]         |                4 |              4 |
|  n_0_2119_BUFG   | CPU/ID/rf/d/q_reg[0]_23[0]                                                                          | CPU/ID/rf/u14/AR[0]         |                2 |              4 |
|  n_0_2119_BUFG   | CPU/ID/rf/d/E[0]                                                                                    | CPU/ID/rf/u19/AR[0]         |                2 |              4 |
|  n_0_2119_BUFG   | CPU/ID/rf/d/E[0]                                                                                    | CPU/ID/rf/u14/AR[0]         |                3 |              4 |
|  n_0_2119_BUFG   | CPU/ID/rf/d/q_reg[0]_2[0]                                                                           | CPU/ID/rf/u19/AR[0]         |                4 |              4 |
|  n_0_2119_BUFG   | CPU/ID/rf/d/q_reg[0]_2[0]                                                                           | CPU/ID/rf/u14/AR[0]         |                2 |              4 |
|  n_0_2119_BUFG   | CPU/ID/rf/d/q_reg[0]_15[0]                                                                          | CPU/ID/rf/u19/AR[0]         |                1 |              4 |
|  n_0_2119_BUFG   | CPU/ID/rf/d/q_reg[0]_15[0]                                                                          | CPU/ID/rf/u14/AR[0]         |                3 |              4 |
|  n_0_2119_BUFG   | CPU/ID/rf/d/q_reg[0]_0[0]                                                                           | CPU/ID/rf/u19/AR[0]         |                1 |              4 |
|  n_0_2119_BUFG   | CPU/ID/rf/d/q_reg[0]_0[0]                                                                           | CPU/ID/rf/u14/AR[0]         |                2 |              4 |
|  n_0_2119_BUFG   | CPU/ID/rf/d/q_reg[0]_4[0]                                                                           | CPU/ID/rf/u19/AR[0]         |                2 |              4 |
|  n_0_2119_BUFG   | CPU/ID/rf/d/q_reg[0]_4[0]                                                                           | CPU/ID/rf/u14/AR[0]         |                2 |              4 |
|  n_0_2119_BUFG   | CPU/ID/rf/d/q_reg[0]_5[0]                                                                           | CPU/ID/rf/u19/AR[0]         |                3 |              4 |
|  n_0_2119_BUFG   | CPU/ID/rf/d/q_reg[0]_5[0]                                                                           | CPU/ID/rf/u14/AR[0]         |                3 |              4 |
|  n_0_2119_BUFG   | CPU/ID/rf/d/q_reg[0]_6[0]                                                                           | CPU/ID/rf/u14/AR[0]         |                2 |              4 |
|  n_0_2119_BUFG   | CPU/ID/rf/d/q_reg[0]_8[0]                                                                           | CPU/ID/rf/u19/AR[0]         |                1 |              4 |
|  n_0_2119_BUFG   | CPU/ID/rf/d/q_reg[0]_8[0]                                                                           | CPU/ID/rf/u14/AR[0]         |                3 |              4 |
|  n_0_2119_BUFG   | CPU/ID/rf/d/q_reg[0]_24[0]                                                                          | CPU/ID/rf/u19/AR[0]         |                2 |              4 |
|  n_0_2119_BUFG   | CPU/ID/rf/d/q_reg[0]_24[0]                                                                          | CPU/ID/rf/u14/AR[0]         |                3 |              4 |
|  n_0_2119_BUFG   | CPU/ID/rf/d/q_reg[0]_9[0]                                                                           | CPU/ID/rf/u19/AR[0]         |                2 |              4 |
|  n_0_2119_BUFG   | CPU/ID/rf/d/q_reg[0]_9[0]                                                                           | CPU/ID/rf/u14/AR[0]         |                3 |              4 |
|  n_0_2119_BUFG   | CPU/ID/rf/d/q_reg[0]_3[0]                                                                           | CPU/ID/rf/u19/AR[0]         |                2 |              4 |
|  n_0_2119_BUFG   | CPU/ID/rf/d/q_reg[0]_3[0]                                                                           | CPU/ID/rf/u14/AR[0]         |                2 |              4 |
|  n_0_2119_BUFG   | CPU/ID/rf/d/q_reg[0]_11[0]                                                                          | CPU/ID/rf/u19/AR[0]         |                1 |              4 |
|  n_0_2119_BUFG   | CPU/ID/rf/d/q_reg[0]_28[0]                                                                          | CPU/ID/rf/u19/AR[0]         |                1 |              4 |
|  n_0_2119_BUFG   | CPU/ID/rf/d/q_reg[0]_11[0]                                                                          | CPU/ID/rf/u14/AR[0]         |                4 |              4 |
|  n_0_2119_BUFG   | CPU/ID/rf/d/q_reg[0]_10[0]                                                                          | CPU/ID/rf/u19/AR[0]         |                2 |              4 |
|  n_0_2119_BUFG   | CPU/ID/rf/d/q_reg[0]_28[0]                                                                          | CPU/ID/rf/u14/AR[0]         |                1 |              4 |
|  n_0_2119_BUFG   | CPU/ID/rf/d/q_reg[0]_25[0]                                                                          | CPU/ID/rf/u19/AR[0]         |                1 |              4 |
|  n_0_2119_BUFG   | CPU/ID/rf/d/q_reg[0]_10[0]                                                                          | CPU/ID/rf/u14/AR[0]         |                3 |              4 |
|  n_0_2119_BUFG   | CPU/ID/rf/d/q_reg[0]_14[0]                                                                          | CPU/ID/rf/u19/AR[0]         |                1 |              4 |
|  n_0_2119_BUFG   | CPU/ID/rf/d/q_reg[0]_25[0]                                                                          | CPU/ID/rf/u14/AR[0]         |                2 |              4 |
|  n_0_2119_BUFG   | CPU/ID/rf/d/q_reg[0]_7[0]                                                                           | CPU/ID/rf/u19/AR[0]         |                2 |              4 |
|  n_0_2119_BUFG   | CPU/ID/rf/d/q_reg[0]_14[0]                                                                          | CPU/ID/rf/u14/AR[0]         |                3 |              4 |
|  n_0_2119_BUFG   | CPU/ID/rf/d/q_reg[0]_16[0]                                                                          | CPU/ID/rf/u19/AR[0]         |                2 |              4 |
|  n_0_2119_BUFG   | CPU/ID/rf/d/q_reg[0]_16[0]                                                                          | CPU/ID/rf/u14/AR[0]         |                3 |              4 |
|  n_0_2119_BUFG   | CPU/ID/rf/d/q_reg[0]_19[0]                                                                          | CPU/ID/rf/u19/AR[0]         |                1 |              4 |
|  n_0_2119_BUFG   | CPU/ID/rf/d/q_reg[0]_27[0]                                                                          | CPU/ID/rf/u19/AR[0]         |                1 |              4 |
|  n_0_2119_BUFG   | CPU/ID/rf/d/q_reg[0]_19[0]                                                                          | CPU/ID/rf/u14/AR[0]         |                3 |              4 |
|  n_0_2119_BUFG   | CPU/ID/rf/d/q_reg[0]_20[0]                                                                          | CPU/ID/rf/u19/AR[0]         |                2 |              4 |
|  n_0_2119_BUFG   | CPU/ID/rf/d/q_reg[0]_27[0]                                                                          | CPU/ID/rf/u14/AR[0]         |                2 |              4 |
|  n_0_2119_BUFG   | CPU/ID/rf/d/q_reg[0]_26[0]                                                                          | CPU/ID/rf/u19/AR[0]         |                1 |              4 |
|  n_0_2119_BUFG   | CPU/ID/rf/d/q_reg[0]_20[0]                                                                          | CPU/ID/rf/u14/AR[0]         |                3 |              4 |
|  n_0_2119_BUFG   | CPU/ID/rf/d/q_reg[0]_21[0]                                                                          | CPU/ID/rf/u19/AR[0]         |                2 |              4 |
|  n_0_2119_BUFG   | CPU/ID/rf/d/q_reg[0]_26[0]                                                                          | CPU/ID/rf/u14/AR[0]         |                2 |              4 |
|  n_0_2119_BUFG   | CPU/ID/rf/d/q_reg[0]_21[0]                                                                          | CPU/ID/rf/u14/AR[0]         |                2 |              4 |
|  clk_IBUF_BUFG   |                                                                                                     | CPU/ID/rf/u19/AR[0]         |                1 |              4 |
|  n_0_2119_BUFG   | CPU/ID/rf/d/q_reg[0]_1[0]                                                                           | CPU/ID/rf/u19/AR[0]         |                3 |              4 |
|  clk_IBUF_BUFG   |                                                                                                     | CPU/ID/rf/u14/AR[0]         |                1 |              4 |
|  n_0_2119_BUFG   | CPU/ID/rf/d/q_reg[0]_1[0]                                                                           | CPU/ID/rf/u14/AR[0]         |                3 |              4 |
|  n_0_2119_BUFG   | CPU/ID/rf/d/q_reg[0]_12[0]                                                                          | CPU/ID/rf/u19/AR[0]         |                2 |              4 |
|  c/inst/clk_out1 | CPU/DE/q_reg[0]_1                                                                                   | CPU/ID/rf/u12/AR[0]         |                6 |              6 |
|  n_0_2119_BUFG   | CPU/ID/rf/d/q_reg[0]_0[0]                                                                           | CPU/DE/AR[1]                |                2 |              6 |
|  c/inst/clk_out1 | CPU/DE/q_reg[0]_1                                                                                   | CPU/ID/rf/u27/AR[0]         |                6 |              7 |
|  c/inst/clk_out1 |                                                                                                     | CPU/ID/rf/u27/AR[0]         |                5 |             13 |
|  c/inst/clk_out1 | CPU/DE/q_reg[0]_1                                                                                   | CPU/DE/AR[1]                |               12 |             15 |
|  n_0_2119_BUFG   | CPU/ID/rf/d/q_reg[0]_0[0]                                                                           | CPU/ID/rf/u16/AR[0]         |                8 |             16 |
|  n_0_2119_BUFG   | CPU/ID/rf/d/q_reg[0]_17[0]                                                                          | CPU/ID/rf/u19/AR[1]         |               14 |             18 |
|  n_0_2119_BUFG   | CPU/ID/rf/d/q_reg[0]_12[0]                                                                          | CPU/ID/rf/u7/AR[0]          |               12 |             19 |
|  n_0_2119_BUFG   | CPU/ID/rf/d/q_reg[0]_6[0]                                                                           | CPU/ID/rf/u4/q_reg[11]_0[0] |               10 |             20 |
|  n_0_2119_BUFG   | CPU/ID/rf/d/q_reg[0]_23[0]                                                                          | CPU/ID/rf/u27/AR[0]         |                9 |             20 |
|  n_0_2119_BUFG   | CPU/ID/rf/d/q_reg[0]_28[0]                                                                          | CPU/ID/rf/u7/AR[0]          |                4 |             21 |
|  n_0_2119_BUFG   | CPU/ID/rf/d/q_reg[0]_13[0]                                                                          | CPU/ID/rf/u7/AR[0]          |               10 |             21 |
|  n_0_2119_BUFG   | CPU/ID/rf/d/q_reg[0]_20[0]                                                                          | CPU/ID/rf/u19/AR[1]         |               14 |             21 |
|  n_0_2119_BUFG   | CPU/ID/rf/d/q_reg[0]_18[0]                                                                          | CPU/ID/rf/u19/AR[1]         |               11 |             21 |
|  n_0_2119_BUFG   | CPU/ID/rf/d/q_reg[0]_19[0]                                                                          | CPU/ID/rf/u19/AR[1]         |               12 |             21 |
|  n_0_2119_BUFG   | CPU/ID/rf/d/q_reg[0]_8[0]                                                                           | CPU/ID/rf/u4/q_reg[11]_0[0] |               12 |             21 |
|  n_0_2119_BUFG   | CPU/ID/rf/d/q_reg[0]_15[0]                                                                          | CPU/ID/rf/u7/AR[0]          |               12 |             21 |
|  n_0_2119_BUFG   | CPU/ID/rf/d/q_reg[0]_7[0]                                                                           | CPU/ID/rf/u4/q_reg[11]_0[0] |                8 |             21 |
|  n_0_2119_BUFG   | CPU/ID/rf/d/q_reg[0]_16[0]                                                                          | CPU/ID/rf/u7/AR[0]          |               17 |             21 |
|  n_0_2119_BUFG   | CPU/ID/rf/d/q_reg[0]_14[0]                                                                          | CPU/ID/rf/u7/AR[0]          |               14 |             21 |
|  n_0_2119_BUFG   | CPU/ID/rf/d/q_reg[0]_9[0]                                                                           | CPU/ID/rf/u4/q_reg[11]_0[0] |               16 |             21 |
|  n_0_2119_BUFG   | CPU/ID/rf/d/q_reg[0]_27[0]                                                                          | CPU/ID/rf/u27/AR[0]         |               10 |             21 |
|  n_0_2119_BUFG   | CPU/ID/rf/d/q_reg[0]_10[0]                                                                          | CPU/ID/rf/u4/q_reg[11]_0[0] |                6 |             21 |
|  n_0_2119_BUFG   | CPU/ID/rf/d/q_reg[0]_11[0]                                                                          | CPU/ID/rf/u4/q_reg[11]_0[0] |               11 |             21 |
|  n_0_2119_BUFG   | CPU/ID/rf/d/q_reg[0]_26[0]                                                                          | CPU/ID/rf/u27/AR[0]         |                6 |             22 |
|  n_0_2119_BUFG   | CPU/ID/rf/d/q_reg[0]_2[0]                                                                           | CPU/ID/rf/u16/AR[0]         |               16 |             22 |
|  n_0_2119_BUFG   | CPU/ID/rf/d/q_reg[0]_3[0]                                                                           | CPU/ID/rf/u16/AR[0]         |               11 |             22 |
|  n_0_2119_BUFG   | CPU/ID/rf/d/q_reg[0][0]                                                                             | CPU/DE/AR[1]                |               12 |             22 |
|  n_0_2119_BUFG   | CPU/ID/rf/d/q_reg[0]_25[0]                                                                          | CPU/ID/rf/u27/AR[0]         |                8 |             22 |
|  clk_IBUF_BUFG   |                                                                                                     | CPU/ID/rf/u12/AR[0]         |               11 |             22 |
|  n_0_2119_BUFG   | CPU/ID/rf/d/q_reg[0]_4[0]                                                                           | CPU/ID/rf/u16/AR[0]         |                9 |             22 |
|  clk_IBUF_BUFG   |                                                                                                     | s/AR[0]                     |                5 |             22 |
|  n_0_2119_BUFG   | CPU/ID/rf/d/q_reg[0]_1[0]                                                                           | CPU/ID/rf/u16/AR[0]         |               15 |             22 |
|  n_0_2119_BUFG   | CPU/ID/rf/d/q_reg[0]_22[0]                                                                          | CPU/ID/rf/u19/AR[1]         |               13 |             22 |
|  n_0_2119_BUFG   | CPU/ID/rf/d/q_reg[0]_21[0]                                                                          | CPU/ID/rf/u19/AR[1]         |               12 |             22 |
|  n_0_2119_BUFG   | CPU/ID/rf/d/E[0]                                                                                    | CPU/DE/AR[1]                |               15 |             22 |
|  n_0_2119_BUFG   | CPU/ID/rf/d/q_reg[0]_24[0]                                                                          | CPU/ID/rf/u27/AR[0]         |               11 |             22 |
|  n_0_2119_BUFG   | CPU/ID/rf/d/q_reg[0]_5[0]                                                                           | CPU/ID/rf/u16/AR[0]         |               15 |             22 |
|  c/inst/clk_out1 | CPU/DE/q_reg[0]_1                                                                                   | CPU/ID/rf/u3/AR[0]          |                7 |             24 |
|  Ww_rf           |                                                                                                     |                             |               10 |             32 |
|  n_0_2119_BUFG   | CPU/MW/q_reg[0]_1[0]                                                                                | CPU/MW/q_reg[31]_0[0]       |               18 |             32 |
|  c/inst/clk_out1 | CPU/DE/q_reg[0]_1                                                                                   | CPU/DE/AR[0]                |               19 |             48 |
|  c/inst/clk_out1 |                                                                                                     | CPU/ID/rf/u3/AR[0]          |               30 |             56 |
|  c/inst/clk_out1 |                                                                                                     | CPU/DE/AR[1]                |               29 |             59 |
|  c/inst/clk_out1 |                                                                                                     | CPU/ID/rf/u12/AR[0]         |               26 |             65 |
|  c/inst/clk_out1 |                                                                                                     | CPU/DE/AR[0]                |               33 |             78 |
|  c/inst/clk_out1 | CPU/MEM/datamem/d/U0/synth_options.dist_mem_inst/gen_sp_ram.spram_inst/ram_reg_0_255_0_0_i_1_n_0    |                             |               32 |            128 |
|  c/inst/clk_out1 | CPU/MEM/datamem/d/U0/synth_options.dist_mem_inst/gen_sp_ram.spram_inst/ram_reg_256_511_0_0_i_1_n_0  |                             |               32 |            128 |
|  c/inst/clk_out1 | CPU/MEM/datamem/d/U0/synth_options.dist_mem_inst/gen_sp_ram.spram_inst/ram_reg_512_767_0_0_i_1_n_0  |                             |               32 |            128 |
|  c/inst/clk_out1 | CPU/MEM/datamem/d/U0/synth_options.dist_mem_inst/gen_sp_ram.spram_inst/ram_reg_768_1023_0_0_i_1_n_0 |                             |               32 |            128 |
+------------------+-----------------------------------------------------------------------------------------------------+-----------------------------+------------------+----------------+


+--------+-----------------------+
| Fanout | Number of ControlSets |
+--------+-----------------------+
| 1      |                    50 |
| 2      |                    20 |
| 3      |                     5 |
| 4      |                    62 |
| 6      |                     2 |
| 7      |                     1 |
| 13     |                     1 |
| 15     |                     1 |
| 16+    |                    45 |
+--------+-----------------------+


