Copyright 1986-2017 Xilinx, Inc. All Rights Reserved.
-------------------------------------------------------------------------------------------------------------------------------
| Tool Version     : Vivado v.2017.4 (win64) Build 2086221 Fri Dec 15 20:55:39 MST 2017
| Date             : Sun Apr  8 13:24:52 2018
| Host             : DESKTOP-RLAF3FD running 64-bit major release  (build 9200)
| Command          : report_power -file top_power_routed.rpt -pb top_power_summary_routed.pb -rpx top_power_routed.rpx
| Design           : top
| Device           : xc7a100tcsg324-1
| Design State     : routed
| Grade            : commercial
| Process          : typical
| Characterization : Production
-------------------------------------------------------------------------------------------------------------------------------

Power Report

Table of Contents
-----------------
1. Summary
1.1 On-Chip Components
1.2 Power Supply Summary
1.3 Confidence Level
2. Settings
2.1 Environment
2.2 Clock Constraints
3. Detailed Reports
3.1 By Hierarchy

1. Summary
----------

+--------------------------+--------------+
| Total On-Chip Power (W)  | 0.231        |
| Design Power Budget (W)  | Unspecified* |
| Power Budget Margin (W)  | NA           |
| Dynamic (W)              | 0.134        |
| Device Static (W)        | 0.097        |
| Effective TJA (C/W)      | 4.6          |
| Max Ambient (C)          | 83.9         |
| Junction Temperature (C) | 26.1         |
| Confidence Level         | Low          |
| Setting File             | ---          |
| Simulation Activity File | ---          |
| Design Nets Matched      | NA           |
+--------------------------+--------------+
* Specify Design Power Budget using, set_operating_conditions -design_power_budget <value in Watts>


1.1 On-Chip Components
----------------------

+--------------------------+-----------+----------+-----------+-----------------+
| On-Chip                  | Power (W) | Used     | Available | Utilization (%) |
+--------------------------+-----------+----------+-----------+-----------------+
| Clocks                   |     0.003 |        5 |       --- |             --- |
| Slice Logic              |    <0.001 |     4831 |       --- |             --- |
|   LUT as Logic           |    <0.001 |     1803 |     63400 |            2.84 |
|   LUT as Distributed RAM |    <0.001 |      512 |     19000 |            2.69 |
|   CARRY4                 |    <0.001 |       74 |     15850 |            0.47 |
|   Register               |    <0.001 |     1489 |    126800 |            1.17 |
|   F7/F8 Muxes            |    <0.001 |      690 |     63400 |            1.09 |
|   BUFG                   |    <0.001 |        1 |        32 |            3.13 |
|   Others                 |     0.000 |       15 |       --- |             --- |
| Signals                  |     0.001 |     3240 |       --- |             --- |
| MMCM                     |     0.106 |        1 |         6 |           16.67 |
| I/O                      |     0.022 |       18 |       210 |            8.57 |
| Static Power             |     0.097 |          |           |                 |
| Total                    |     0.231 |          |           |                 |
+--------------------------+-----------+----------+-----------+-----------------+


1.2 Power Supply Summary
------------------------

+-----------+-------------+-----------+-------------+------------+
| Source    | Voltage (V) | Total (A) | Dynamic (A) | Static (A) |
+-----------+-------------+-----------+-------------+------------+
| Vccint    |       1.000 |     0.021 |       0.005 |      0.015 |
| Vccaux    |       1.800 |     0.078 |       0.060 |      0.018 |
| Vcco33    |       3.300 |     0.010 |       0.006 |      0.004 |
| Vcco25    |       2.500 |     0.000 |       0.000 |      0.000 |
| Vcco18    |       1.800 |     0.000 |       0.000 |      0.000 |
| Vcco15    |       1.500 |     0.000 |       0.000 |      0.000 |
| Vcco135   |       1.350 |     0.000 |       0.000 |      0.000 |
| Vcco12    |       1.200 |     0.000 |       0.000 |      0.000 |
| Vccaux_io |       1.800 |     0.000 |       0.000 |      0.000 |
| Vccbram   |       1.000 |     0.000 |       0.000 |      0.000 |
| MGTAVcc   |       1.000 |     0.000 |       0.000 |      0.000 |
| MGTAVtt   |       1.200 |     0.000 |       0.000 |      0.000 |
| Vccadc    |       1.800 |     0.020 |       0.000 |      0.020 |
+-----------+-------------+-----------+-------------+------------+


1.3 Confidence Level
--------------------

+-----------------------------+------------+--------------------------------------------------------+------------------------------------------------------------------------------------------------------------+
| User Input Data             | Confidence | Details                                                | Action                                                                                                     |
+-----------------------------+------------+--------------------------------------------------------+------------------------------------------------------------------------------------------------------------+
| Design implementation state | High       | Design is routed                                       |                                                                                                            |
| Clock nodes activity        | High       | User specified more than 95% of clocks                 |                                                                                                            |
| I/O nodes activity          | Low        | More than 75% of inputs are missing user specification | Provide missing input activity with simulation results or by editing the "By Resource Type -> I/Os" view   |
| Internal nodes activity     | Medium     | User specified less than 25% of internal nodes         | Provide missing internal nodes activity with simulation results or by editing the "By Resource Type" views |
| Device models               | High       | Device models are Production                           |                                                                                                            |
|                             |            |                                                        |                                                                                                            |
| Overall confidence level    | Low        |                                                        |                                                                                                            |
+-----------------------------+------------+--------------------------------------------------------+------------------------------------------------------------------------------------------------------------+


2. Settings
-----------

2.1 Environment
---------------

+-----------------------+--------------------------+
| Ambient Temp (C)      | 25.0                     |
| ThetaJA (C/W)         | 4.6                      |
| Airflow (LFM)         | 250                      |
| Heat Sink             | medium (Medium Profile)  |
| ThetaSA (C/W)         | 4.6                      |
| Board Selection       | medium (10"x10")         |
| # of Board Layers     | 12to15 (12 to 15 Layers) |
| Board Temperature (C) | 25.0                     |
+-----------------------+--------------------------+


2.2 Clock Constraints
---------------------

+------------------+-------------------------+-----------------+
| Clock            | Domain                  | Constraint (ns) |
+------------------+-------------------------+-----------------+
| c/inst/clk_in1   | clk_IBUF_BUFG           |            10.0 |
| clk_out1_clk_wiz | c/inst/clk_out1_clk_wiz |           100.0 |
| clkfbout_clk_wiz | c/inst/clkfbout_clk_wiz |            20.0 |
+------------------+-------------------------+-----------------+


3. Detailed Reports
-------------------

3.1 By Hierarchy
----------------

+-----------------------------------------+-----------+
| Name                                    | Power (W) |
+-----------------------------------------+-----------+
| top                                     |     0.134 |
|   CPU                                   |     0.002 |
|     DE                                  |    <0.001 |
|     EM                                  |    <0.001 |
|     EXE                                 |    <0.001 |
|       alu_a                             |    <0.001 |
|       alu_b                             |    <0.001 |
|       alu_res                           |    <0.001 |
|     ID                                  |    <0.001 |
|       rf                                |    <0.001 |
|         d                               |    <0.001 |
|         u0                              |    <0.001 |
|         u1                              |    <0.001 |
|         u10                             |    <0.001 |
|         u11                             |    <0.001 |
|         u12                             |    <0.001 |
|         u13                             |    <0.001 |
|         u14                             |    <0.001 |
|         u15                             |    <0.001 |
|         u16                             |    <0.001 |
|         u17                             |    <0.001 |
|         u18                             |    <0.001 |
|         u19                             |    <0.001 |
|         u2                              |    <0.001 |
|         u20                             |    <0.001 |
|         u21                             |    <0.001 |
|         u22                             |    <0.001 |
|         u23                             |    <0.001 |
|         u24                             |    <0.001 |
|         u25                             |    <0.001 |
|         u26                             |    <0.001 |
|         u27                             |    <0.001 |
|         u28                             |    <0.001 |
|         u29                             |    <0.001 |
|         u3                              |    <0.001 |
|         u30                             |    <0.001 |
|         u31                             |    <0.001 |
|         u4                              |    <0.001 |
|         u5                              |    <0.001 |
|         u6                              |    <0.001 |
|         u7                              |    <0.001 |
|         u8                              |    <0.001 |
|         u9                              |    <0.001 |
|     IF                                  |    <0.001 |
|       imem                              |    <0.001 |
|         i                               |    <0.001 |
|           U0                            |    <0.001 |
|             synth_options.dist_mem_inst |    <0.001 |
|               gen_rom.rom_inst          |    <0.001 |
|       next_pc                           |    <0.001 |
|     IR                                  |    <0.001 |
|       instruction                       |    <0.001 |
|       pcplus4                           |    <0.001 |
|     MEM                                 |    <0.001 |
|       datamem                           |    <0.001 |
|         d                               |    <0.001 |
|           U0                            |    <0.001 |
|             synth_options.dist_mem_inst |    <0.001 |
|               gen_sp_ram.spram_inst     |    <0.001 |
|                 ram_reg_0_255_0_0       |    <0.001 |
|                 ram_reg_0_255_10_10     |    <0.001 |
|                 ram_reg_0_255_11_11     |    <0.001 |
|                 ram_reg_0_255_12_12     |    <0.001 |
|                 ram_reg_0_255_13_13     |    <0.001 |
|                 ram_reg_0_255_14_14     |    <0.001 |
|                 ram_reg_0_255_15_15     |    <0.001 |
|                 ram_reg_0_255_16_16     |    <0.001 |
|                 ram_reg_0_255_17_17     |    <0.001 |
|                 ram_reg_0_255_18_18     |    <0.001 |
|                 ram_reg_0_255_19_19     |    <0.001 |
|                 ram_reg_0_255_1_1       |    <0.001 |
|                 ram_reg_0_255_20_20     |    <0.001 |
|                 ram_reg_0_255_21_21     |    <0.001 |
|                 ram_reg_0_255_22_22     |    <0.001 |
|                 ram_reg_0_255_23_23     |    <0.001 |
|                 ram_reg_0_255_24_24     |    <0.001 |
|                 ram_reg_0_255_25_25     |    <0.001 |
|                 ram_reg_0_255_26_26     |    <0.001 |
|                 ram_reg_0_255_27_27     |    <0.001 |
|                 ram_reg_0_255_28_28     |    <0.001 |
|                 ram_reg_0_255_29_29     |    <0.001 |
|                 ram_reg_0_255_2_2       |    <0.001 |
|                 ram_reg_0_255_30_30     |    <0.001 |
|                 ram_reg_0_255_31_31     |    <0.001 |
|                 ram_reg_0_255_3_3       |    <0.001 |
|                 ram_reg_0_255_4_4       |    <0.001 |
|                 ram_reg_0_255_5_5       |    <0.001 |
|                 ram_reg_0_255_6_6       |    <0.001 |
|                 ram_reg_0_255_7_7       |    <0.001 |
|                 ram_reg_0_255_8_8       |    <0.001 |
|                 ram_reg_0_255_9_9       |    <0.001 |
|                 ram_reg_256_511_0_0     |    <0.001 |
|                 ram_reg_256_511_10_10   |    <0.001 |
|                 ram_reg_256_511_11_11   |    <0.001 |
|                 ram_reg_256_511_12_12   |    <0.001 |
|                 ram_reg_256_511_13_13   |    <0.001 |
|                 ram_reg_256_511_14_14   |    <0.001 |
|                 ram_reg_256_511_15_15   |    <0.001 |
|                 ram_reg_256_511_16_16   |    <0.001 |
|                 ram_reg_256_511_17_17   |    <0.001 |
|                 ram_reg_256_511_18_18   |    <0.001 |
|                 ram_reg_256_511_19_19   |    <0.001 |
|                 ram_reg_256_511_1_1     |    <0.001 |
|                 ram_reg_256_511_20_20   |    <0.001 |
|                 ram_reg_256_511_21_21   |    <0.001 |
|                 ram_reg_256_511_22_22   |    <0.001 |
|                 ram_reg_256_511_23_23   |    <0.001 |
|                 ram_reg_256_511_24_24   |    <0.001 |
|                 ram_reg_256_511_25_25   |    <0.001 |
|                 ram_reg_256_511_26_26   |    <0.001 |
|                 ram_reg_256_511_27_27   |    <0.001 |
|                 ram_reg_256_511_28_28   |    <0.001 |
|                 ram_reg_256_511_29_29   |    <0.001 |
|                 ram_reg_256_511_2_2     |    <0.001 |
|                 ram_reg_256_511_30_30   |    <0.001 |
|                 ram_reg_256_511_31_31   |    <0.001 |
|                 ram_reg_256_511_3_3     |    <0.001 |
|                 ram_reg_256_511_4_4     |    <0.001 |
|                 ram_reg_256_511_5_5     |    <0.001 |
|                 ram_reg_256_511_6_6     |    <0.001 |
|                 ram_reg_256_511_7_7     |    <0.001 |
|                 ram_reg_256_511_8_8     |    <0.001 |
|                 ram_reg_256_511_9_9     |    <0.001 |
|                 ram_reg_512_767_0_0     |    <0.001 |
|                 ram_reg_512_767_10_10   |    <0.001 |
|                 ram_reg_512_767_11_11   |    <0.001 |
|                 ram_reg_512_767_12_12   |    <0.001 |
|                 ram_reg_512_767_13_13   |    <0.001 |
|                 ram_reg_512_767_14_14   |    <0.001 |
|                 ram_reg_512_767_15_15   |    <0.001 |
|                 ram_reg_512_767_16_16   |    <0.001 |
|                 ram_reg_512_767_17_17   |    <0.001 |
|                 ram_reg_512_767_18_18   |    <0.001 |
|                 ram_reg_512_767_19_19   |    <0.001 |
|                 ram_reg_512_767_1_1     |    <0.001 |
|                 ram_reg_512_767_20_20   |    <0.001 |
|                 ram_reg_512_767_21_21   |    <0.001 |
|                 ram_reg_512_767_22_22   |    <0.001 |
|                 ram_reg_512_767_23_23   |    <0.001 |
|                 ram_reg_512_767_24_24   |    <0.001 |
|                 ram_reg_512_767_25_25   |    <0.001 |
|                 ram_reg_512_767_26_26   |    <0.001 |
|                 ram_reg_512_767_27_27   |    <0.001 |
|                 ram_reg_512_767_28_28   |    <0.001 |
|                 ram_reg_512_767_29_29   |    <0.001 |
|                 ram_reg_512_767_2_2     |    <0.001 |
|                 ram_reg_512_767_30_30   |    <0.001 |
|                 ram_reg_512_767_31_31   |    <0.001 |
|                 ram_reg_512_767_3_3     |    <0.001 |
|                 ram_reg_512_767_4_4     |    <0.001 |
|                 ram_reg_512_767_5_5     |    <0.001 |
|                 ram_reg_512_767_6_6     |    <0.001 |
|                 ram_reg_512_767_7_7     |    <0.001 |
|                 ram_reg_512_767_8_8     |    <0.001 |
|                 ram_reg_512_767_9_9     |    <0.001 |
|                 ram_reg_768_1023_0_0    |    <0.001 |
|                 ram_reg_768_1023_10_10  |    <0.001 |
|                 ram_reg_768_1023_11_11  |    <0.001 |
|                 ram_reg_768_1023_12_12  |    <0.001 |
|                 ram_reg_768_1023_13_13  |    <0.001 |
|                 ram_reg_768_1023_14_14  |    <0.001 |
|                 ram_reg_768_1023_15_15  |    <0.001 |
|                 ram_reg_768_1023_16_16  |    <0.001 |
|                 ram_reg_768_1023_17_17  |    <0.001 |
|                 ram_reg_768_1023_18_18  |    <0.001 |
|                 ram_reg_768_1023_19_19  |    <0.001 |
|                 ram_reg_768_1023_1_1    |    <0.001 |
|                 ram_reg_768_1023_20_20  |    <0.001 |
|                 ram_reg_768_1023_21_21  |    <0.001 |
|                 ram_reg_768_1023_22_22  |    <0.001 |
|                 ram_reg_768_1023_23_23  |    <0.001 |
|                 ram_reg_768_1023_24_24  |    <0.001 |
|                 ram_reg_768_1023_25_25  |    <0.001 |
|                 ram_reg_768_1023_26_26  |    <0.001 |
|                 ram_reg_768_1023_27_27  |    <0.001 |
|                 ram_reg_768_1023_28_28  |    <0.001 |
|                 ram_reg_768_1023_29_29  |    <0.001 |
|                 ram_reg_768_1023_2_2    |    <0.001 |
|                 ram_reg_768_1023_30_30  |    <0.001 |
|                 ram_reg_768_1023_31_31  |    <0.001 |
|                 ram_reg_768_1023_3_3    |    <0.001 |
|                 ram_reg_768_1023_4_4    |    <0.001 |
|                 ram_reg_768_1023_5_5    |    <0.001 |
|                 ram_reg_768_1023_6_6    |    <0.001 |
|                 ram_reg_768_1023_7_7    |    <0.001 |
|                 ram_reg_768_1023_8_8    |    <0.001 |
|                 ram_reg_768_1023_9_9    |    <0.001 |
|     MW                                  |    <0.001 |
|     PC                                  |    <0.001 |
|       pc                                |    <0.001 |
|     WB                                  |    <0.001 |
|       alu_mem                           |    <0.001 |
|   c                                     |     0.107 |
|     inst                                |     0.107 |
|   s                                     |     0.003 |
+-----------------------------------------+-----------+


